<?xml version="1.0" encoding="UTF-8"?>
<robot generator="Robot 5.0.1 (Python 3.10.6 on win32)" generated="20221212 15:09:07.636" rpa="false" schemaversion="3">
<suite id="s1" name="IfElseDemo" source="C:\Users\sony\PycharmProjects\Robotframework\Tests\IfElseDemo.robot">
<test id="s1-t1" name="Test Case to demonstrate IF/ELSE in Robot Framework" line="9">
<kw name="Open Browser" library="SeleniumLibrary">
<arg>${url}</arg>
<arg>${browser}</arg>
<doc>Opens a new browser instance to the optional ``url``.</doc>
<msg timestamp="20221212 15:09:11.065" level="INFO">Opening browser 'chrome' to base url 'https://www.saucedemo.com/'.</msg>
<status status="PASS" starttime="20221212 15:09:11.063" endtime="20221212 15:09:16.710"/>
</kw>
<kw name="Maximize Browser Window" library="SeleniumLibrary">
<doc>Maximizes current browser window.</doc>
<status status="PASS" starttime="20221212 15:09:16.712" endtime="20221212 15:09:17.138"/>
</kw>
<kw name="Input Text" library="SeleniumLibrary">
<arg>id:user-name</arg>
<arg>standard_user</arg>
<doc>Types the given ``text`` into the text field identified by ``locator``.</doc>
<msg timestamp="20221212 15:09:17.140" level="INFO">Typing text 'standard_user' into text field 'id:user-name'.</msg>
<status status="PASS" starttime="20221212 15:09:17.139" endtime="20221212 15:09:17.779"/>
</kw>
<kw name="Input Text" library="SeleniumLibrary">
<arg>id:password</arg>
<arg>secret_sauce</arg>
<doc>Types the given ``text`` into the text field identified by ``locator``.</doc>
<msg timestamp="20221212 15:09:17.781" level="INFO">Typing text 'secret_sauce' into text field 'id:password'.</msg>
<status status="PASS" starttime="20221212 15:09:17.779" endtime="20221212 15:09:18.181"/>
</kw>
<kw name="Click Button" library="SeleniumLibrary">
<arg>xpath://*[@id="login_button_container"]/div/form/input[3]</arg>
<doc>Clicks the button identified by ``locator``.</doc>
<msg timestamp="20221212 15:09:18.183" level="INFO">Clicking button 'xpath://*[@id="login_button_container"]/div/form/input[3]'.</msg>
<msg timestamp="20221212 15:09:18.533" level="INFO" html="true">&lt;/td&gt;&lt;/tr&gt;&lt;tr&gt;&lt;td colspan="3"&gt;&lt;a href="selenium-screenshot-9.png"&gt;&lt;img src="selenium-screenshot-9.png" width="800px"&gt;&lt;/a&gt;</msg>
<msg timestamp="20221212 15:09:18.535" level="FAIL">Button with locator 'xpath://*[@id="login_button_container"]/div/form/input[3]' not found.</msg>
<status status="FAIL" starttime="20221212 15:09:18.182" endtime="20221212 15:09:18.541"/>
</kw>
<kw name="Get Element Count" library="SeleniumLibrary">
<var>${items_on_page}</var>
<arg>xpath://*[@class="inventory_list"]/div</arg>
<doc>Returns the number of elements matching ``locator``.</doc>
<status status="NOT RUN" starttime="20221212 15:09:18.542" endtime="20221212 15:09:18.544"/>
</kw>
<kw name="Run Keyword If" library="BuiltIn">
<arg>${items_on_page} == 10</arg>
<arg>Test Keyword 1</arg>
<arg>ELSE IF</arg>
<arg>${items_on_page} &lt; 10 and ${items_on_page} &gt; 6</arg>
<arg>Test Keyword 2</arg>
<arg>ELSE</arg>
<arg>Test Keyword 3</arg>
<doc>Runs the given keyword with the given arguments, if ``condition`` is true.</doc>
<status status="NOT RUN" starttime="20221212 15:09:18.544" endtime="20221212 15:09:18.545"/>
</kw>
<doc>Test Case to demonstrate IF/ELSE in Robot Framework</doc>
<status status="FAIL" starttime="20221212 15:09:11.052" endtime="20221212 15:09:18.547">Button with locator 'xpath://*[@id="login_button_container"]/div/form/input[3]' not found.</status>
</test>
<status status="FAIL" starttime="20221212 15:09:07.645" endtime="20221212 15:09:18.550"/>
</suite>
<statistics>
<total>
<stat pass="0" fail="1" skip="0">All Tests</stat>
</total>
<tag>
</tag>
<suite>
<stat pass="0" fail="1" skip="0" id="s1" name="IfElseDemo">IfElseDemo</stat>
</suite>
</statistics>
<errors>
</errors>
</robot>
