<?xml version="1.0" encoding="UTF-8"?>
<robot generator="Robot 5.0.1 (Python 3.10.6 on win32)" generated="20230103 23:22:14.116" rpa="false" schemaversion="3">
<suite id="s1" name="LoginKeywords" source="C:\Users\sony\PycharmProjects\odeAlProject\Scenarios\LoginKeywords.robot">
<test id="s1-t1" name="LoginTest" line="7">
<kw name="Open Site" library="LoginTest" type="SETUP">
<kw name="Open Browser" library="SeleniumLibrary">
<arg>${URL}</arg>
<arg>${BROWSER}</arg>
<doc>Opens a new browser instance to the optional ``url``.</doc>
<msg timestamp="20230103 23:22:14.538" level="INFO">Opening browser 'chrome' to base url 'https://stage-portal.odeal.com/auth/login'.</msg>
<status status="PASS" starttime="20230103 23:22:14.538" endtime="20230103 23:22:18.064"/>
</kw>
<kw name="Maximize Browser Window" library="SeleniumLibrary">
<doc>Maximizes current browser window.</doc>
<status status="PASS" starttime="20230103 23:22:18.064" endtime="20230103 23:22:18.319"/>
</kw>
<kw name="Sleep" library="BuiltIn">
<arg>2s</arg>
<doc>Pauses the test executed for the given time.</doc>
<msg timestamp="20230103 23:22:20.330" level="INFO">Slept 2 seconds</msg>
<status status="PASS" starttime="20230103 23:22:18.319" endtime="20230103 23:22:20.330"/>
</kw>
<status status="PASS" starttime="20230103 23:22:14.538" endtime="20230103 23:22:20.330"/>
</kw>
<kw name="Given The User Login Credentials" library="LoginTest">
<kw name="Set Browser Implicit Wait" library="SeleniumLibrary">
<arg>3s</arg>
<doc>Sets the implicit wait value used by Selenium.</doc>
<status status="PASS" starttime="20230103 23:22:20.330" endtime="20230103 23:22:20.330"/>
</kw>
<kw name="Input Text" library="SeleniumLibrary">
<arg>${inputbox_kimlik}</arg>
<arg>${TC_KIMLIK}</arg>
<doc>Types the given ``text`` into the text field identified by ``locator``.</doc>
<msg timestamp="20230103 23:22:20.330" level="INFO">Typing text '59989912131' into text field 'css=input[id='odeal-form__item-:r0:']'.</msg>
<status status="PASS" starttime="20230103 23:22:20.330" endtime="20230103 23:22:20.560"/>
</kw>
<kw name="Sleep" library="BuiltIn">
<arg>2s</arg>
<doc>Pauses the test executed for the given time.</doc>
<msg timestamp="20230103 23:22:22.571" level="INFO">Slept 2 seconds</msg>
<status status="PASS" starttime="20230103 23:22:20.560" endtime="20230103 23:22:22.571"/>
</kw>
<kw name="Input Text" library="SeleniumLibrary">
<arg>xpath=//input[@id='odeal-form__item-:r1:']</arg>
<arg>${SIFRE}</arg>
<doc>Types the given ``text`` into the text field identified by ``locator``.</doc>
<msg timestamp="20230103 23:22:22.571" level="INFO">Typing text '135246' into text field 'xpath=//input[@id='odeal-form__item-:r1:']'.</msg>
<status status="PASS" starttime="20230103 23:22:22.571" endtime="20230103 23:22:22.729"/>
</kw>
<kw name="Click Element" library="SeleniumLibrary">
<arg>css=button[type='submit']</arg>
<doc>Click the element identified by ``locator``.</doc>
<msg timestamp="20230103 23:22:22.730" level="INFO">Clicking element 'css=button[type='submit']'.</msg>
<status status="PASS" starttime="20230103 23:22:22.730" endtime="20230103 23:22:22.813"/>
</kw>
<kw name="Wait Until Element Is Enabled" library="SeleniumLibrary">
<arg>css=button[type='submit']</arg>
<arg>3s</arg>
<doc>Waits until the element ``locator`` is enabled.</doc>
<status status="PASS" starttime="20230103 23:22:22.813" endtime="20230103 23:22:22.951"/>
</kw>
<kw name="Click Element" library="SeleniumLibrary">
<arg>css=button[type='submit']</arg>
<doc>Click the element identified by ``locator``.</doc>
<msg timestamp="20230103 23:22:22.952" level="INFO">Clicking element 'css=button[type='submit']'.</msg>
<status status="PASS" starttime="20230103 23:22:22.952" endtime="20230103 23:22:23.001"/>
</kw>
<status status="PASS" starttime="20230103 23:22:20.330" endtime="20230103 23:22:23.002"/>
</kw>
<kw name="Close Browser" library="SeleniumLibrary" type="TEARDOWN">
<doc>Closes the current browser.</doc>
<status status="PASS" starttime="20230103 23:22:23.003" endtime="20230103 23:22:26.914"/>
</kw>
<doc>Automation Test</doc>
<status status="PASS" starttime="20230103 23:22:14.538" endtime="20230103 23:22:26.914"/>
</test>
<status status="PASS" starttime="20230103 23:22:14.116" endtime="20230103 23:22:26.914"/>
</suite>
<statistics>
<total>
<stat pass="1" fail="0" skip="0">All Tests</stat>
</total>
<tag>
</tag>
<suite>
<stat pass="1" fail="0" skip="0" id="s1" name="LoginKeywords">LoginKeywords</stat>
</suite>
</statistics>
<errors>
<msg timestamp="20230103 23:22:14.523" level="ERROR">Error in file 'C:\Users\sony\PycharmProjects\odeAlProject\Scenarios\LoginKeywords.robot' on line 3: Setting 'Test Setup' is not allowed in resource file.</msg>
<msg timestamp="20230103 23:22:14.523" level="ERROR">Error in file 'C:\Users\sony\PycharmProjects\odeAlProject\Scenarios\LoginKeywords.robot' on line 4: Setting 'Test Teardown' is not allowed in resource file.</msg>
<msg timestamp="20230103 23:22:14.523" level="ERROR">Error in file 'C:\Users\sony\PycharmProjects\odeAlProject\Keywords\LoginTest.robot' on line 3: Error in file 'C:\Users\sony\PycharmProjects\odeAlProject\Scenarios\LoginKeywords.robot' on line 6: Resource file with 'Test Cases' section is invalid.</msg>
</errors>
</robot>
